<?xml version="1.0" encoding="UTF-8"?>
<!-- Generated by org.testng.reporters.JUnitReportReporter -->
<testsuite skipped="2" hostname="LAPTOP-T89JRIMG" name="First_package.First_class" tests="3" failures="0" timestamp="2021-04-25T22:38:49 IST" time="9.548" errors="0">
  <testcase name="m3" time="9.548" classname="First_package.First_class"/>
  <system-out/>
  <testcase name="m1" classname="First_package.First_class">
    <skipped/>
  </testcase> <!-- m1 -->
  <system-out/>
  <testcase name="m2" classname="First_package.First_class">
    <skipped/>
  </testcase> <!-- m2 -->
  <system-out/>
</testsuite> <!-- First_package.First_class -->
